<?xml version="1.0" encoding="UTF-8" ?>
<testsuite errors="0" failures="0" hostname="C650N178" name="at.fhj.itm.tests.SeleniumWebdriverPagePatternTest" tests="3" time="55.812" timestamp="2013-01-10T18:22:15">
  <properties>
    <property name="java.vendor" value="Oracle Corporation" />
    <property name="sun.java.launcher" value="SUN_STANDARD" />
    <property name="eclipse.pdebuild.templates" value="/D:/02Verwaltung/privat/FH/2012/SSD2012/Tools/eclipse/plugins/org.eclipse.pde.build_3.8.1.v20120725-202643/templates/" />
    <property name="sun.management.compiler" value="HotSpot 64-Bit Tiered Compilers" />
    <property name="os.name" value="Windows 7" />
    <property name="sun.boot.class.path" value="C:\Program Files\Java\jdk1.7.0\jre\lib\resources.jar;C:\Program Files\Java\jdk1.7.0\jre\lib\rt.jar;C:\Program Files\Java\jdk1.7.0\jre\lib\sunrsasign.jar;C:\Program Files\Java\jdk1.7.0\jre\lib\jsse.jar;C:\Program Files\Java\jdk1.7.0\jre\lib\jce.jar;C:\Program Files\Java\jdk1.7.0\jre\lib\charsets.jar;C:\Program Files\Java\jdk1.7.0\jre\classes" />
    <property name="user.country.format" value="AT" />
    <property name="sun.desktop" value="windows" />
    <property name="java.vm.specification.vendor" value="Oracle Corporation" />
    <property name="ant.home" value="D:\02Verwaltung\privat\FH\2012\SSD2012\Tools\eclipse\plugins\org.apache.ant_1.8.3.v20120321-1730" />
    <property name="selenium.server.lib" value="D:\02Verwaltung\privat\FH\2012\SSD2012\Workspace2\Selenium-WebdriverPageObject\vendor\selenium-2.28.0" />
    <property name="java.runtime.version" value="1.7.0-b147" />
    <property name="user.name" value="CKRENN3" />
    <property name="user.language" value="de" />
    <property name="build" value="D:\02Verwaltung\privat\FH\2012\SSD2012\Workspace2\Selenium-WebdriverPageObject\build" />
    <property name="sun.boot.library.path" value="C:\Program Files\Java\jdk1.7.0\jre\bin" />
    <property name="ant.project.default-target" value="all" />
    <property name="ant.project.name" value="Selenium-Webdriver" />
    <property name="java.version" value="1.7.0" />
    <property name="user.timezone" value="" />
    <property name="sun.arch.data.model" value="64" />
    <property name="java.endorsed.dirs" value="C:\Program Files\Java\jdk1.7.0\jre\lib\endorsed" />
    <property name="sun.cpu.isalist" value="amd64" />
    <property name="sun.jnu.encoding" value="Cp1252" />
    <property name="file.encoding.pkg" value="sun.io" />
    <property name="file.separator" value="\" />
    <property name="java.specification.name" value="Java Platform API Specification" />
    <property name="java.class.version" value="51.0" />
    <property name="src" value="D:\02Verwaltung\privat\FH\2012\SSD2012\Workspace2\Selenium-WebdriverPageObject\src" />
    <property name="user.country" value="DE" />
    <property name="java.home" value="C:\Program Files\Java\jdk1.7.0\jre" />
    <property name="java.vm.info" value="mixed mode" />
    <property name="ant.file" value="D:\02Verwaltung\privat\FH\2012\SSD2012\Workspace2\Selenium-WebdriverPageObject\build.xml" />
    <property name="os.version" value="6.1" />
    <property name="junit.lib" value="D:\02Verwaltung\privat\FH\2012\SSD2012\Workspace2\Selenium-WebdriverPageObject\vendor\junit-4.4\lib" />
    <property name="path.separator" value=";" />
    <property name="java.vm.version" value="21.0-b17" />
    <property name="user.variant" value="" />
    <property name="ant.library.dir" value="D:\02Verwaltung\privat\FH\2012\SSD2012\Tools\eclipse\plugins\org.apache.ant_1.8.3.v20120321-1730\lib" />
    <property name="java.awt.printerjob" value="sun.awt.windows.WPrinterJob" />
    <property name="sun.io.unicode.encoding" value="UnicodeLittle" />
    <property name="ant.file.Selenium-Webdriver" value="D:\02Verwaltung\privat\FH\2012\SSD2012\Workspace2\Selenium-WebdriverPageObject\build.xml" />
    <property name="awt.toolkit" value="sun.awt.windows.WToolkit" />
    <property name="user.script" value="" />
    <property name="eclipse.pdebuild.scripts" value="/D:/02Verwaltung/privat/FH/2012/SSD2012/Tools/eclipse/plugins/org.eclipse.pde.build_3.8.1.v20120725-202643/scripts/" />
    <property name="user.home" value="C:\Users\ckrenn3.DCCS" />
    <property name="java.specification.vendor" value="Oracle Corporation" />
    <property name="java.library.path" value="C:\Program Files\Java\jdk1.7.0\jre\bin;C:\windows\Sun\Java\bin;C:\windows\system32;C:\windows;C:/Program Files/Java/jdk1.7.0/bin/../jre/bin/server;C:/Program Files/Java/jdk1.7.0/bin/../jre/bin;C:/Program Files/Java/jdk1.7.0/bin/../jre/lib/amd64;C:\Program Files\Common Files\Microsoft Shared\Windows Live;C:\Program Files (x86)\Common Files\Microsoft Shared\Windows Live;C:\Program Files (x86)\PC Connectivity Solution\;C:\windows\system32;C:\windows;C:\windows\System32\Wbem;C:\windows\System32\WindowsPowerShell\v1.0\;C:\Program Files (x86)\Windows Live\Shared;C:\Program Files (x86)\Toshiba\Bluetooth Toshiba Stack\sys\;C:\Program Files (x86)\Toshiba\Bluetooth Toshiba Stack\sys\x64\;c:\Program Files (x86)\Microsoft SQL Server\100\Tools\Binn\;c:\Program Files\Microsoft SQL Server\100\Tools\Binn\;c:\Program Files\Microsoft SQL Server\100\DTS\Binn\;C:\Program Files (x86)\Microsoft SQL Server\100\Tools\Binn\VSShell\Common7\IDE\;C:\Program Files (x86)\Microsoft Visual Studio 9.0\Common7\IDE\PrivateAssemblies\;C:\Program Files (x86)\Microsoft SQL Server\100\DTS\Binn\;C:\Program Files (x86)\Microsoft Team Foundation Server 2010 Power Tools\;C:\Program Files (x86)\Microsoft Team Foundation Server 2010 Power Tools\Best Practices Analyzer\;C:\Program Files\Microsoft Windows Performance Toolkit\;C:\Program Files\Java\jdk1.7.0\bin;C:\Program Files\SlikSvn\bin\;C:\Program Files\TortoiseSVN\bin;C:\Program Files (x86)\Mozilla Firefox\;C:\Program Files\System Center Operations Manager 2007\;C:\Program Files (x86)\Microsoft ASP.NET\ASP.NET Web Pages\v1.0\;C:\Program Files (x86)\Windows Kits\8.0\Windows Performance Toolkit\;C:\Program Files\Microsoft SQL Server\110\Tools\Binn\;C:\Program Files (x86)\QuickTime\QTSystem\;D:\02Verwaltung\privat\FH\2012\SSD2012\Tools\eclipse;;." />
    <property name="java.vendor.url" value="http://java.oracle.com/" />
    <property name="java.vm.vendor" value="Oracle Corporation" />
    <property name="java.runtime.name" value="Java(TM) SE Runtime Environment" />
    <property name="sun.java.command" value="org.apache.tools.ant.taskdefs.optional.junit.JUnitTestRunner at.fhj.itm.tests.SeleniumWebdriverPagePatternTest filtertrace=true haltOnError=false haltOnFailure=false showoutput=false outputtoformatters=true logfailedtests=true logtestlistenerevents=false formatter=org.apache.tools.ant.taskdefs.optional.junit.XMLJUnitResultFormatter,D:\02Verwaltung\privat\FH\2012\SSD2012\Workspace2\Selenium-WebdriverPageObject\TEST-at.fhj.itm.tests.SeleniumWebdriverPagePatternTest.xml formatter=org.apache.tools.ant.taskdefs.optional.junit.BriefJUnitResultFormatter crashfile=D:\02Verwaltung\privat\FH\2012\SSD2012\Workspace2\Selenium-WebdriverPageObject\junitvmwatcher4217773571183044076.properties propsfile=D:\02Verwaltung\privat\FH\2012\SSD2012\Workspace2\Selenium-WebdriverPageObject\junit3325008446634814649.properties" />
    <property name="java.class.path" value="D:\02Verwaltung\privat\FH\2012\SSD2012\Workspace2\Selenium-WebdriverPageObject\vendor\selenium-2.28.0\libs\apache-mime4j-0.6.jar;D:\02Verwaltung\privat\FH\2012\SSD2012\Workspace2\Selenium-WebdriverPageObject\vendor\selenium-2.28.0\libs\bsh-1.3.0.jar;D:\02Verwaltung\privat\FH\2012\SSD2012\Workspace2\Selenium-WebdriverPageObject\vendor\selenium-2.28.0\libs\cglib-nodep-2.1_3.jar;D:\02Verwaltung\privat\FH\2012\SSD2012\Workspace2\Selenium-WebdriverPageObject\vendor\selenium-2.28.0\libs\commons-codec-1.6.jar;D:\02Verwaltung\privat\FH\2012\SSD2012\Workspace2\Selenium-WebdriverPageObject\vendor\selenium-2.28.0\libs\commons-collections-3.2.1.jar;D:\02Verwaltung\privat\FH\2012\SSD2012\Workspace2\Selenium-WebdriverPageObject\vendor\selenium-2.28.0\libs\commons-exec-1.1.jar;D:\02Verwaltung\privat\FH\2012\SSD2012\Workspace2\Selenium-WebdriverPageObject\vendor\selenium-2.28.0\libs\commons-io-2.2.jar;D:\02Verwaltung\privat\FH\2012\SSD2012\Workspace2\Selenium-WebdriverPageObject\vendor\selenium-2.28.0\libs\commons-jxpath-1.3.jar;D:\02Verwaltung\privat\FH\2012\SSD2012\Workspace2\Selenium-WebdriverPageObject\vendor\selenium-2.28.0\libs\commons-lang3-3.1.jar;D:\02Verwaltung\privat\FH\2012\SSD2012\Workspace2\Selenium-WebdriverPageObject\vendor\selenium-2.28.0\libs\commons-logging-1.1.1.jar;D:\02Verwaltung\privat\FH\2012\SSD2012\Workspace2\Selenium-WebdriverPageObject\vendor\selenium-2.28.0\libs\cssparser-0.9.7.jar;D:\02Verwaltung\privat\FH\2012\SSD2012\Workspace2\Selenium-WebdriverPageObject\vendor\selenium-2.28.0\libs\guava-13.0.1.jar;D:\02Verwaltung\privat\FH\2012\SSD2012\Workspace2\Selenium-WebdriverPageObject\vendor\selenium-2.28.0\libs\hamcrest-core-1.3.jar;D:\02Verwaltung\privat\FH\2012\SSD2012\Workspace2\Selenium-WebdriverPageObject\vendor\selenium-2.28.0\libs\hamcrest-library-1.3.jar;D:\02Verwaltung\privat\FH\2012\SSD2012\Workspace2\Selenium-WebdriverPageObject\vendor\selenium-2.28.0\libs\htmlunit-2.11.jar;D:\02Verwaltung\privat\FH\2012\SSD2012\Workspace2\Selenium-WebdriverPageObject\vendor\selenium-2.28.0\libs\htmlunit-core-js-2.11.jar;D:\02Verwaltung\privat\FH\2012\SSD2012\Workspace2\Selenium-WebdriverPageObject\vendor\selenium-2.28.0\libs\httpclient-4.2.1.jar;D:\02Verwaltung\privat\FH\2012\SSD2012\Workspace2\Selenium-WebdriverPageObject\vendor\selenium-2.28.0\libs\httpcore-4.2.1.jar;D:\02Verwaltung\privat\FH\2012\SSD2012\Workspace2\Selenium-WebdriverPageObject\vendor\selenium-2.28.0\libs\httpmime-4.2.1.jar;D:\02Verwaltung\privat\FH\2012\SSD2012\Workspace2\Selenium-WebdriverPageObject\vendor\selenium-2.28.0\libs\ini4j-0.5.2.jar;D:\02Verwaltung\privat\FH\2012\SSD2012\Workspace2\Selenium-WebdriverPageObject\vendor\selenium-2.28.0\libs\jcommander-1.29.jar;D:\02Verwaltung\privat\FH\2012\SSD2012\Workspace2\Selenium-WebdriverPageObject\vendor\selenium-2.28.0\libs\jetty-websocket-8.1.8.jar;D:\02Verwaltung\privat\FH\2012\SSD2012\Workspace2\Selenium-WebdriverPageObject\vendor\selenium-2.28.0\libs\jna-3.4.0.jar;D:\02Verwaltung\privat\FH\2012\SSD2012\Workspace2\Selenium-WebdriverPageObject\vendor\selenium-2.28.0\libs\jna-platform-3.4.0.jar;D:\02Verwaltung\privat\FH\2012\SSD2012\Workspace2\Selenium-WebdriverPageObject\vendor\selenium-2.28.0\libs\json-20080701.jar;D:\02Verwaltung\privat\FH\2012\SSD2012\Workspace2\Selenium-WebdriverPageObject\vendor\selenium-2.28.0\libs\junit-dep-4.11.jar;D:\02Verwaltung\privat\FH\2012\SSD2012\Workspace2\Selenium-WebdriverPageObject\vendor\selenium-2.28.0\libs\nekohtml-1.9.16.jar;D:\02Verwaltung\privat\FH\2012\SSD2012\Workspace2\Selenium-WebdriverPageObject\vendor\selenium-2.28.0\libs\netty-3.5.7.Final.jar;D:\02Verwaltung\privat\FH\2012\SSD2012\Workspace2\Selenium-WebdriverPageObject\vendor\selenium-2.28.0\libs\operadriver-1.1.jar;D:\02Verwaltung\privat\FH\2012\SSD2012\Workspace2\Selenium-WebdriverPageObject\vendor\selenium-2.28.0\libs\phantomjsdriver-1.0.0.jar;D:\02Verwaltung\privat\FH\2012\SSD2012\Workspace2\Selenium-WebdriverPageObject\vendor\selenium-2.28.0\libs\protobuf-java-2.4.1.jar;D:\02Verwaltung\privat\FH\2012\SSD2012\Workspace2\Selenium-WebdriverPageObject\vendor\selenium-2.28.0\libs\sac-1.3.jar;D:\02Verwaltung\privat\FH\2012\SSD2012\Workspace2\Selenium-WebdriverPageObject\vendor\selenium-2.28.0\libs\serializer-2.7.1.jar;D:\02Verwaltung\privat\FH\2012\SSD2012\Workspace2\Selenium-WebdriverPageObject\vendor\selenium-2.28.0\libs\testng-6.8.jar;D:\02Verwaltung\privat\FH\2012\SSD2012\Workspace2\Selenium-WebdriverPageObject\vendor\selenium-2.28.0\libs\xalan-2.7.1.jar;D:\02Verwaltung\privat\FH\2012\SSD2012\Workspace2\Selenium-WebdriverPageObject\vendor\selenium-2.28.0\libs\xercesImpl-2.10.0.jar;D:\02Verwaltung\privat\FH\2012\SSD2012\Workspace2\Selenium-WebdriverPageObject\vendor\selenium-2.28.0\libs\xml-apis-1.4.01.jar;D:\02Verwaltung\privat\FH\2012\SSD2012\Workspace2\Selenium-WebdriverPageObject\vendor\selenium-2.28.0\selenium-java-2.28.0-srcs.jar;D:\02Verwaltung\privat\FH\2012\SSD2012\Workspace2\Selenium-WebdriverPageObject\vendor\selenium-2.28.0\selenium-java-2.28.0.jar;D:\02Verwaltung\privat\FH\2012\SSD2012\Workspace2\Selenium-WebdriverPageObject\vendor\selenium-2.28.0\selenium-server-standalone-2.28.0.jar;D:\02Verwaltung\privat\FH\2012\SSD2012\Workspace2\Selenium-WebdriverPageObject\vendor\junit-4.4\lib\junit-4.4.jar;D:\02Verwaltung\privat\FH\2012\SSD2012\Workspace2\Selenium-WebdriverPageObject\build;D:\02Verwaltung\privat\FH\2012\SSD2012\Workspace2\Selenium-WebdriverPageObject;C:\Program Files (x86)\Java\jre6\lib\ext\QTJava.zip;D:\02Verwaltung\privat\FH\2012\SSD2012\Tools\eclipse\plugins\org.apache.ant_1.8.3.v20120321-1730\lib\ant-launcher.jar;D:\02Verwaltung\privat\FH\2012\SSD2012\Tools\eclipse\plugins\org.apache.ant_1.8.3.v20120321-1730\lib\ant.jar;D:\02Verwaltung\privat\FH\2012\SSD2012\Tools\eclipse\plugins\org.apache.ant_1.8.3.v20120321-1730\lib\ant-junit.jar;D:\02Verwaltung\privat\FH\2012\SSD2012\Tools\eclipse\plugins\org.apache.ant_1.8.3.v20120321-1730\lib\ant-junit4.jar" />
    <property name="ant.version" value="Apache Ant(TM) version 1.8.3 compiled on February 26 2012" />
    <property name="junit.log.dir" value="D:\02Verwaltung\privat\FH\2012\SSD2012\Workspace2\Selenium-WebdriverPageObject" />
    <property name="java.vm.specification.name" value="Java Virtual Machine Specification" />
    <property name="java.vm.specification.version" value="1.7" />
    <property name="sun.cpu.endian" value="little" />
    <property name="sun.os.patch.level" value="Service Pack 1" />
    <property name="src.test" value="D:\02Verwaltung\privat\FH\2012\SSD2012\Workspace2\Selenium-WebdriverPageObject\src-test" />
    <property name="ant.file.type.Selenium-Webdriver" value="file" />
    <property name="eclipse.pdebuild.home" value="/D:/02Verwaltung/privat/FH/2012/SSD2012/Tools/eclipse/plugins/org.eclipse.pde.build_3.8.1.v20120725-202643/./" />
    <property name="java.io.tmpdir" value="C:\Users\CKRENN~1.DCC\AppData\Local\Temp\" />
    <property name="java.vendor.url.bug" value="http://bugreport.sun.com/bugreport/" />
    <property name="os.arch" value="amd64" />
    <property name="java.awt.graphicsenv" value="sun.awt.Win32GraphicsEnvironment" />
    <property name="java.ext.dirs" value="C:\Program Files\Java\jdk1.7.0\jre\lib\ext;C:\windows\Sun\Java\lib\ext" />
    <property name="user.dir" value="D:\02Verwaltung\privat\FH\2012\SSD2012\Workspace2\Selenium-WebdriverPageObject" />
    <property name="line.separator" value="&#xd;&#xa;" />
    <property name="java.vm.name" value="Java HotSpot(TM) 64-Bit Server VM" />
    <property name="basedir" value="D:\02Verwaltung\privat\FH\2012\SSD2012\Workspace2\Selenium-WebdriverPageObject" />
    <property name="ant.java.version" value="1.7" />
    <property name="ant.core.lib" value="D:\02Verwaltung\privat\FH\2012\SSD2012\Tools\eclipse\plugins\org.apache.ant_1.8.3.v20120321-1730\lib\ant.jar" />
    <property name="file.encoding" value="Cp1252" />
    <property name="java.specification.version" value="1.7" />
    <property name="ant.project.invoked-targets" value="junit" />
  </properties>
  <testcase classname="at.fhj.itm.tests.SeleniumWebdriverPagePatternTest" name="testSearchSeleniumPageWithGoogleAndValidateSeleniumPage" time="24.436" />
  <testcase classname="at.fhj.itm.tests.SeleniumWebdriverPagePatternTest" name="testSearchSeleniumPageWithGoogleAndValidateSeleniumPageBadExample" time="14.018" />
  <testcase classname="at.fhj.itm.tests.SeleniumWebdriverPagePatternTest" name="testSearchSeleniumPageWithGoogleAndValidateSeleniumPageBetterExample" time="16.796" />
  <system-out><![CDATA[]]></system-out>
  <system-err><![CDATA[]]></system-err>
</testsuite>
